<?xml version="1.0" encoding="UTF-8"?>
<testsuite name="org.pitest.mutationtest.engine.gregor.mutators.InlineConstantMutatorTest" time="3.8" tests="32" errors="0" skipped="0" failures="0">
  <properties>
    <property name="java.runtime.name" value="Java(TM) SE Runtime Environment"/>
    <property name="sun.boot.library.path" value="C:\Program Files\Java\jdk1.8.0_144\jre\bin"/>
    <property name="java.vm.version" value="25.144-b01"/>
    <property name="java.vm.vendor" value="Oracle Corporation"/>
    <property name="java.vendor.url" value="http://java.oracle.com/"/>
    <property name="path.separator" value=";"/>
    <property name="guice.disable.misplaced.annotation.check" value="true"/>
    <property name="java.vm.name" value="Java HotSpot(TM) 64-Bit Server VM"/>
    <property name="file.encoding.pkg" value="sun.io"/>
    <property name="user.script" value=""/>
    <property name="user.country" value="US"/>
    <property name="sun.java.launcher" value="SUN_STANDARD"/>
    <property name="sun.os.patch.level" value=""/>
    <property name="java.vm.specification.name" value="Java Virtual Machine Specification"/>
    <property name="user.dir" value="C:\Users\matth\Desktop\Control Copy\pitest-master"/>
    <property name="java.runtime.version" value="1.8.0_144-b01"/>
    <property name="java.awt.graphicsenv" value="sun.awt.Win32GraphicsEnvironment"/>
    <property name="java.endorsed.dirs" value="C:\Program Files\Java\jdk1.8.0_144\jre\lib\endorsed"/>
    <property name="os.arch" value="amd64"/>
    <property name="java.io.tmpdir" value="C:\Users\matth\AppData\Local\Temp\"/>
    <property name="line.separator" value="&#10;"/>
    <property name="java.vm.specification.vendor" value="Oracle Corporation"/>
    <property name="user.variant" value=""/>
    <property name="os.name" value="Windows 10"/>
    <property name="classworlds.conf" value="C:\Users\matth\workspace\.metadata\.plugins\org.eclipse.m2e.launching\launches\m2conf2073197784045758681.tmp"/>
    <property name="sun.jnu.encoding" value="Cp1252"/>
    <property name="java.library.path" value="C:\Program Files\Java\jdk1.8.0_144\bin;C:\WINDOWS\Sun\Java\bin;C:\WINDOWS\system32;C:\WINDOWS;C:/Program Files/Java/jre1.8.0_144/bin/server;C:/Program Files/Java/jre1.8.0_144/bin;C:/Program Files/Java/jre1.8.0_144/lib/amd64;C:\Program Files\Docker\Docker\Resources\bin;C:\ProgramData\Oracle\Java\javapath;C:\WINDOWS\system32;C:\WINDOWS;C:\WINDOWS\System32\Wbem;C:\WINDOWS\System32\WindowsPowerShell\v1.0\;C:\Program Files\PuTTY\;C:\Program Files\Git\cmd;C:\Program Files\Java\jdk1.8.0_144\bin;C:\Users\matth\Desktop\apache-maven-3.5.2\bin;C:\Users\matth\AppData\Local\Microsoft\WindowsApps;C:\Users\matth\AppData\Local\GitHubDesktop\bin;C:\Users\matth\Desktop\eclipse;;."/>
    <property name="java.specification.name" value="Java Platform API Specification"/>
    <property name="java.class.version" value="52.0"/>
    <property name="sun.management.compiler" value="HotSpot 64-Bit Tiered Compilers"/>
    <property name="os.version" value="10.0"/>
    <property name="user.home" value="C:\Users\matth"/>
    <property name="user.timezone" value="America/Chicago"/>
    <property name="java.awt.printerjob" value="sun.awt.windows.WPrinterJob"/>
    <property name="java.specification.version" value="1.8"/>
    <property name="file.encoding" value="Cp1252"/>
    <property name="user.name" value="matth"/>
    <property name="java.class.path" value="/C:/Users/matth/Desktop/eclipse/configuration/org.eclipse.osgi/bundles/535/1/.cp/jars/plexus-classworlds-2.4.jar"/>
    <property name="java.vm.specification.version" value="1.8"/>
    <property name="sun.arch.data.model" value="64"/>
    <property name="java.home" value="C:\Program Files\Java\jdk1.8.0_144\jre"/>
    <property name="sun.java.command" value="org.codehaus.plexus.classworlds.launcher.Launcher -B package"/>
    <property name="java.specification.vendor" value="Oracle Corporation"/>
    <property name="user.language" value="en"/>
    <property name="awt.toolkit" value="sun.awt.windows.WToolkit"/>
    <property name="java.vm.info" value="mixed mode"/>
    <property name="java.version" value="1.8.0_144"/>
    <property name="java.ext.dirs" value="C:\Program Files\Java\jdk1.8.0_144\jre\lib\ext;C:\WINDOWS\Sun\Java\lib\ext"/>
    <property name="sun.boot.class.path" value="C:\Program Files\Java\jdk1.8.0_144\jre\lib\resources.jar;C:\Program Files\Java\jdk1.8.0_144\jre\lib\rt.jar;C:\Program Files\Java\jdk1.8.0_144\jre\lib\sunrsasign.jar;C:\Program Files\Java\jdk1.8.0_144\jre\lib\jsse.jar;C:\Program Files\Java\jdk1.8.0_144\jre\lib\jce.jar;C:\Program Files\Java\jdk1.8.0_144\jre\lib\charsets.jar;C:\Program Files\Java\jdk1.8.0_144\jre\lib\jfr.jar;C:\Program Files\Java\jdk1.8.0_144\jre\classes"/>
    <property name="java.vendor" value="Oracle Corporation"/>
    <property name="maven.home" value="C:\Users\matth\Desktop\Control Copy\pitest-master\EMBEDDED"/>
    <property name="file.separator" value="\"/>
    <property name="java.vendor.url.bug" value="http://bugreport.sun.com/bugreport/"/>
    <property name="maven.bootclasspath" value="/C:/Users/matth/Desktop/eclipse/configuration/org.eclipse.osgi/bundles/535/1/.cp/jars/plexus-classworlds-2.4.jar"/>
    <property name="sun.cpu.endian" value="little"/>
    <property name="sun.io.unicode.encoding" value="UnicodeLittle"/>
    <property name="sun.desktop" value="windows"/>
    <property name="sun.cpu.isalist" value="amd64"/>
  </properties>
  <testcase name="shouldReplaceFloatWith1" classname="org.pitest.mutationtest.engine.gregor.mutators.InlineConstantMutatorTest" time="0.08"/>
  <testcase name="shouldReplaceDouble0With1" classname="org.pitest.mutationtest.engine.gregor.mutators.InlineConstantMutatorTest" time="0.1"/>
  <testcase name="shouldReplaceDouble1With2" classname="org.pitest.mutationtest.engine.gregor.mutators.InlineConstantMutatorTest" time="0.086"/>
  <testcase name="shouldReplaceFirstMutationPointOnly" classname="org.pitest.mutationtest.engine.gregor.mutators.InlineConstantMutatorTest" time="0.084"/>
  <testcase name="shouldReplaceFirstDoubleMutationPointOnly" classname="org.pitest.mutationtest.engine.gregor.mutators.InlineConstantMutatorTest" time="0.129"/>
  <testcase name="shouldReplaceDoubleWith1" classname="org.pitest.mutationtest.engine.gregor.mutators.InlineConstantMutatorTest" time="0.089"/>
  <testcase name="shouldReplaceInteger0With1" classname="org.pitest.mutationtest.engine.gregor.mutators.InlineConstantMutatorTest" time="0.084"/>
  <testcase name="shouldReplaceInteger1With0" classname="org.pitest.mutationtest.engine.gregor.mutators.InlineConstantMutatorTest" time="0.086"/>
  <testcase name="shouldReplaceInteger2With3" classname="org.pitest.mutationtest.engine.gregor.mutators.InlineConstantMutatorTest" time="0.087"/>
  <testcase name="shouldOverflowIntegerOnShortMaxValue" classname="org.pitest.mutationtest.engine.gregor.mutators.InlineConstantMutatorTest" time="0.131"/>
  <testcase name="shouldReplaceInteger3With4" classname="org.pitest.mutationtest.engine.gregor.mutators.InlineConstantMutatorTest" time="0.088"/>
  <testcase name="shouldReplaceInteger4With5" classname="org.pitest.mutationtest.engine.gregor.mutators.InlineConstantMutatorTest" time="0.083"/>
  <testcase name="shouldReplaceInteger5With6" classname="org.pitest.mutationtest.engine.gregor.mutators.InlineConstantMutatorTest" time="0.085"/>
  <testcase name="shouldReplaceLargeIntegerConstantsWithValuePlus1" classname="org.pitest.mutationtest.engine.gregor.mutators.InlineConstantMutatorTest" time="0.087"/>
  <testcase name="shouldOverflowOnShortMaxValue" classname="org.pitest.mutationtest.engine.gregor.mutators.InlineConstantMutatorTest" time="0.129"/>
  <testcase name="shouldReplaceLongWithValuePlus1" classname="org.pitest.mutationtest.engine.gregor.mutators.InlineConstantMutatorTest" time="0.115"/>
  <testcase name="shouldReplaceFirstFloatMutationPointOnly" classname="org.pitest.mutationtest.engine.gregor.mutators.InlineConstantMutatorTest" time="0.188"/>
  <testcase name="shouldOverflowOnByteMaxValue" classname="org.pitest.mutationtest.engine.gregor.mutators.InlineConstantMutatorTest" time="0.181"/>
  <testcase name="shouldReplaceIntegerMaxWithIntegerMin" classname="org.pitest.mutationtest.engine.gregor.mutators.InlineConstantMutatorTest" time="0.141"/>
  <testcase name="shouldReplaceIntegerMinus1With0" classname="org.pitest.mutationtest.engine.gregor.mutators.InlineConstantMutatorTest" time="0.161"/>
  <testcase name="shouldReplaceBooleanTrueWithFalse" classname="org.pitest.mutationtest.engine.gregor.mutators.InlineConstantMutatorTest" time="0.143"/>
  <testcase name="shouldReplaceMediumIntegerConstantsWithValuePlus1" classname="org.pitest.mutationtest.engine.gregor.mutators.InlineConstantMutatorTest" time="0.173"/>
  <testcase name="shouldReplaceLongMinus1With0" classname="org.pitest.mutationtest.engine.gregor.mutators.InlineConstantMutatorTest" time="0.144"/>
  <testcase name="shouldReplaceBooleanFalseWithTrue" classname="org.pitest.mutationtest.engine.gregor.mutators.InlineConstantMutatorTest" time="0.147"/>
  <testcase name="shouldProvideAMeaningfulName" classname="org.pitest.mutationtest.engine.gregor.mutators.InlineConstantMutatorTest" time="0.003"/>
  <testcase name="shouldReplaceSmallIntegerConstantsWithValuePlus1" classname="org.pitest.mutationtest.engine.gregor.mutators.InlineConstantMutatorTest" time="0.136"/>
  <testcase name="shouldReplaceIntegerMinus2WithMinus1" classname="org.pitest.mutationtest.engine.gregor.mutators.InlineConstantMutatorTest" time="0.171"/>
  <testcase name="shouldReplaceLong0With1" classname="org.pitest.mutationtest.engine.gregor.mutators.InlineConstantMutatorTest" time="0.134"/>
  <testcase name="shouldReplaceLong1With2" classname="org.pitest.mutationtest.engine.gregor.mutators.InlineConstantMutatorTest" time="0.139"/>
  <testcase name="shouldReplaceFloat0With1" classname="org.pitest.mutationtest.engine.gregor.mutators.InlineConstantMutatorTest" time="0.131"/>
  <testcase name="shouldReplaceFloat1With2" classname="org.pitest.mutationtest.engine.gregor.mutators.InlineConstantMutatorTest" time="0.133"/>
  <testcase name="shouldReplaceFloat2With1" classname="org.pitest.mutationtest.engine.gregor.mutators.InlineConstantMutatorTest" time="0.132"/>
</testsuite>